%!Adobe-FontList 1.23
%Locale:0x409

%BeginFont
Handler:DirectoryHandler
FontType:Type1
FontName:Gotham-UltraItalic
FamilyName:Gotham Ultra
StyleName:Italic
FullName:Gotham-UltraItalic
MenuName:Gotham Ultra
StyleBits:1
WritingScript:Roman
OutlineFileName:C:\Users\91916\Downloads\assets1\FINAL DRAFT\Document fonts\Gotham-UltraItalic.otf
DataFormat:sfntData
UsesStandardEncoding:yes
isCFF:yes
hasSVG:no
VariableFontType:NonVariableFont
FileLength:31504
FileModTime:1710876630
WeightClass:500
WidthClass:5
AngleClass:0
NameArray:0,Mac,4,Gotham-UltraItalic
NameArray:0,Win,1,Gotham Ultra
%EndFont

%BeginFont
Handler:DirectoryHandler
FontType:Type1
FontName:MinionPro-Regular
FamilyName:Minion Pro
StyleName:Regular
FullName:Minion Pro
MenuName:Minion Pro
StyleBits:0
WritingScript:Roman
OutlineFileName:C:\Users\91916\Downloads\assets1\FINAL DRAFT\Document fonts\MinionPro-Regular.otf
DataFormat:sfntData
UsesStandardEncoding:yes
isCFF:yes
hasSVG:no
VariableFontType:NonVariableFont
FileLength:218640
FileModTime:1710876630
WeightClass:400
WidthClass:5
AngleClass:0
DesignSize:110
NameArray:0,Mac,4,Minion Pro
NameArray:0,Win,1,Minion Pro
%EndFont

